<?xml version="1.0" encoding="UTF-8" ?>
<testsuite failures="0" time="0.327" errors="0" skipped="0" tests="2" name="org.cobbzilla.util.yml.YmlMergerTest">
  <properties>
    <property name="java.runtime.name" value="Java(TM) SE Runtime Environment"/>
    <property name="sun.boot.library.path" value="/Library/Java/JavaVirtualMachines/jdk1.7.0_10.jdk/Contents/Home/jre/lib"/>
    <property name="java.vm.version" value="23.6-b04"/>
    <property name="gopherProxySet" value="false"/>
    <property name="java.vm.vendor" value="Oracle Corporation"/>
    <property name="java.vendor.url" value="http://java.oracle.com/"/>
    <property name="path.separator" value=":"/>
    <property name="java.vm.name" value="Java HotSpot(TM) 64-Bit Server VM"/>
    <property name="file.encoding.pkg" value="sun.io"/>
    <property name="user.country" value="US"/>
    <property name="sun.java.launcher" value="SUN_STANDARD"/>
    <property name="sun.os.patch.level" value="unknown"/>
    <property name="java.vm.specification.name" value="Java Virtual Machine Specification"/>
    <property name="user.dir" value="/Users/jonathan/tout/code/mergeyml"/>
    <property name="java.runtime.version" value="1.7.0_10-ea-b17"/>
    <property name="java.awt.graphicsenv" value="sun.awt.CGraphicsEnvironment"/>
    <property name="basedir" value="/Users/jonathan/tout/code/mergeyml"/>
    <property name="java.endorsed.dirs" value="/Library/Java/JavaVirtualMachines/jdk1.7.0_10.jdk/Contents/Home/jre/lib/endorsed"/>
    <property name="os.arch" value="x86_64"/>
    <property name="surefire.real.class.path" value="/Users/jonathan/tout/code/mergeyml/target/surefire/surefirebooter7790954316249092972.jar"/>
    <property name="java.io.tmpdir" value="/var/folders/ld/z9058zn965d6l6y43qvm895c0000gr/T/"/>
    <property name="line.separator" value="
"/>
    <property name="java.vm.specification.vendor" value="Oracle Corporation"/>
    <property name="os.name" value="Mac OS X"/>
    <property name="sun.jnu.encoding" value="UTF-8"/>
    <property name="java.library.path" value="/Users/jonathan/Library/Java/Extensions:/Library/Java/Extensions:/Network/Library/Java/Extensions:/System/Library/Java/Extensions:/usr/lib/java:."/>
    <property name="surefire.test.class.path" value="/Users/jonathan/tout/code/mergeyml/target/test-classes:/Users/jonathan/tout/code/mergeyml/target/classes:/Users/jonathan/.m2/repository/org/slf4j/slf4j-api/1.6.4/slf4j-api-1.6.4.jar:/Users/jonathan/.m2/repository/org/slf4j/jcl-over-slf4j/1.6.4/jcl-over-slf4j-1.6.4.jar:/Users/jonathan/.m2/repository/org/slf4j/slf4j-log4j12/1.6.4/slf4j-log4j12-1.6.4.jar:/Users/jonathan/.m2/repository/log4j/log4j/1.2.16/log4j-1.2.16.jar:/Users/jonathan/.m2/repository/junit/junit/4.8/junit-4.8.jar:/Users/jonathan/.m2/repository/org/yaml/snakeyaml/1.12/snakeyaml-1.12.jar:/Users/jonathan/.m2/repository/com/yammer/metrics/metrics-core/2.2.0/metrics-core-2.2.0.jar:/Users/jonathan/.m2/repository/com/yammer/metrics/metrics-graphite/2.2.0/metrics-graphite-2.2.0.jar:"/>
    <property name="javax.net.ssl.trustStore" value="./jssecacerts"/>
    <property name="java.specification.name" value="Java Platform API Specification"/>
    <property name="java.class.version" value="51.0"/>
    <property name="sun.management.compiler" value="HotSpot 64-Bit Tiered Compilers"/>
    <property name="os.version" value="10.8.2"/>
    <property name="http.nonProxyHosts" value="local|*.local|169.254/16|*.169.254/16"/>
    <property name="user.home" value="/Users/jonathan"/>
    <property name="user.timezone" value=""/>
    <property name="java.awt.printerjob" value="sun.lwawt.macosx.CPrinterJob"/>
    <property name="java.specification.version" value="1.7"/>
    <property name="file.encoding" value="UTF-8"/>
    <property name="user.name" value="jonathan"/>
    <property name="java.class.path" value="/Users/jonathan/tout/code/mergeyml/target/test-classes:/Users/jonathan/tout/code/mergeyml/target/classes:/Users/jonathan/.m2/repository/org/slf4j/slf4j-api/1.6.4/slf4j-api-1.6.4.jar:/Users/jonathan/.m2/repository/org/slf4j/jcl-over-slf4j/1.6.4/jcl-over-slf4j-1.6.4.jar:/Users/jonathan/.m2/repository/org/slf4j/slf4j-log4j12/1.6.4/slf4j-log4j12-1.6.4.jar:/Users/jonathan/.m2/repository/log4j/log4j/1.2.16/log4j-1.2.16.jar:/Users/jonathan/.m2/repository/junit/junit/4.8/junit-4.8.jar:/Users/jonathan/.m2/repository/org/yaml/snakeyaml/1.12/snakeyaml-1.12.jar:/Users/jonathan/.m2/repository/com/yammer/metrics/metrics-core/2.2.0/metrics-core-2.2.0.jar:/Users/jonathan/.m2/repository/com/yammer/metrics/metrics-graphite/2.2.0/metrics-graphite-2.2.0.jar:"/>
    <property name="java.vm.specification.version" value="1.7"/>
    <property name="sun.arch.data.model" value="64"/>
    <property name="java.home" value="/Library/Java/JavaVirtualMachines/jdk1.7.0_10.jdk/Contents/Home/jre"/>
    <property name="sun.java.command" value="/Users/jonathan/tout/code/mergeyml/target/surefire/surefirebooter7790954316249092972.jar /Users/jonathan/tout/code/mergeyml/target/surefire/surefire6912008109764184214tmp /Users/jonathan/tout/code/mergeyml/target/surefire/surefire7742619000222512449tmp"/>
    <property name="java.specification.vendor" value="Oracle Corporation"/>
    <property name="user.language" value="en"/>
    <property name="awt.toolkit" value="sun.lwawt.macosx.LWCToolkit"/>
    <property name="java.vm.info" value="mixed mode"/>
    <property name="java.version" value="1.7.0_10-ea"/>
    <property name="java.ext.dirs" value="/Users/jonathan/Library/Java/Extensions:/Library/Java/JavaVirtualMachines/jdk1.7.0_10.jdk/Contents/Home/jre/lib/ext:/Library/Java/Extensions:/Network/Library/Java/Extensions:/System/Library/Java/Extensions:/usr/lib/java"/>
    <property name="sun.boot.class.path" value="/Library/Java/JavaVirtualMachines/jdk1.7.0_10.jdk/Contents/Home/jre/lib/resources.jar:/Library/Java/JavaVirtualMachines/jdk1.7.0_10.jdk/Contents/Home/jre/lib/rt.jar:/Library/Java/JavaVirtualMachines/jdk1.7.0_10.jdk/Contents/Home/jre/lib/sunrsasign.jar:/Library/Java/JavaVirtualMachines/jdk1.7.0_10.jdk/Contents/Home/jre/lib/jsse.jar:/Library/Java/JavaVirtualMachines/jdk1.7.0_10.jdk/Contents/Home/jre/lib/jce.jar:/Library/Java/JavaVirtualMachines/jdk1.7.0_10.jdk/Contents/Home/jre/lib/charsets.jar:/Library/Java/JavaVirtualMachines/jdk1.7.0_10.jdk/Contents/Home/jre/lib/jfr.jar:/Library/Java/JavaVirtualMachines/jdk1.7.0_10.jdk/Contents/Home/jre/lib/JObjC.jar:/Library/Java/JavaVirtualMachines/jdk1.7.0_10.jdk/Contents/Home/jre/classes"/>
    <property name="java.vendor" value="Oracle Corporation"/>
    <property name="localRepository" value="/Users/jonathan/.m2/repository"/>
    <property name="file.separator" value="/"/>
    <property name="java.vendor.url.bug" value="http://bugreport.sun.com/bugreport/"/>
    <property name="sun.cpu.endian" value="little"/>
    <property name="sun.io.unicode.encoding" value="UnicodeBig"/>
    <property name="socksNonProxyHosts" value="local|*.local|169.254/16|*.169.254/16"/>
    <property name="ftp.nonProxyHosts" value="local|*.local|169.254/16|*.169.254/16"/>
    <property name="sun.cpu.isalist" value=""/>
  </properties>
  <testcase time="0.273" classname="org.cobbzilla.util.yml.YmlMergerTest" name="testMerge2Files"/>
  <testcase time="0.004" classname="org.cobbzilla.util.yml.YmlMergerTest" name="testMergeFileIntoSelf"/>
</testsuite>